app/build/intermediates/manifest_merge_blame_file/debug/manifest-merger-blame-debug-report.txt
1<?xml version="1.0" encoding="utf-8"?>
2<manifest xmlns:android="http://schemas.android.com/apk/res/android"
3    package="com.atdev.feedsrssreader"
4    android:versionCode="1"
5    android:versionName="1.0" >
6
7    <uses-sdk
8        android:minSdkVersion="19"
8-->src\main\AndroidManifest.xml
9        android:targetSdkVersion="29" />
9-->src\main\AndroidManifest.xml
10
11    <uses-permission android:name="android.permission.INTERNET" />
11-->src\main\AndroidManifest.xml:5:5-67
11-->src\main\AndroidManifest.xml:5:22-64
12    <uses-permission android:name="android.permission.ACCESS_NETWORK_STATE" />
12-->src\main\AndroidManifest.xml:6:5-79
12-->src\main\AndroidManifest.xml:6:22-76
13
14    <application
14-->src\main\AndroidManifest.xml:8:5-22:19
15        android:allowBackup="true"
15-->src\main\AndroidManifest.xml:9:9-35
16        android:appComponentFactory="androidx.core.app.CoreComponentFactory"
16-->[androidx.core:core:1.1.0] AndroidManifest.xml:24:18-86
17        android:debuggable="true"
18        android:icon="@drawable/refresh"
18-->src\main\AndroidManifest.xml:10:9-41
19        android:label="@string/app_name"
19-->src\main\AndroidManifest.xml:11:9-41
20        android:roundIcon="@drawable/refresh"
20-->src\main\AndroidManifest.xml:12:9-46
21        android:supportsRtl="true"
21-->src\main\AndroidManifest.xml:13:9-35
22        android:testOnly="true"
23        android:theme="@style/AppTheme" >
23-->src\main\AndroidManifest.xml:14:9-40
24        <activity android:name="com.atdev.feedsrssreader.ui.mainactivity.MainActivity" >
24-->src\main\AndroidManifest.xml:15:9-21:20
24-->src\main\AndroidManifest.xml:15:19-63
25            <intent-filter>
25-->src\main\AndroidManifest.xml:16:13-20:29
26                <action android:name="android.intent.action.MAIN" />
26-->src\main\AndroidManifest.xml:17:17-69
26-->src\main\AndroidManifest.xml:17:25-66
27
28                <category android:name="android.intent.category.LAUNCHER" />
28-->src\main\AndroidManifest.xml:19:17-77
28-->src\main\AndroidManifest.xml:19:27-74
29            </intent-filter>
30        </activity>
31
32        <provider
32-->[androidx.lifecycle:lifecycle-process:2.2.0] AndroidManifest.xml:25:9-29:43
33            android:name="androidx.lifecycle.ProcessLifecycleOwnerInitializer"
33-->[androidx.lifecycle:lifecycle-process:2.2.0] AndroidManifest.xml:26:13-79
34            android:authorities="com.atdev.feedsrssreader.lifecycle-process"
34-->[androidx.lifecycle:lifecycle-process:2.2.0] AndroidManifest.xml:27:13-69
35            android:exported="false"
35-->[androidx.lifecycle:lifecycle-process:2.2.0] AndroidManifest.xml:28:13-37
36            android:multiprocess="true" />
36-->[androidx.lifecycle:lifecycle-process:2.2.0] AndroidManifest.xml:29:13-40
37    </application>
38
39</manifest>